Mplus VERSION 8.11
MUTHEN & MUTHEN
11/12/2024  10:11 AM

INPUT INSTRUCTIONS

  TITLE:
  model 5 with 6 classes
  DATA:
  FILE = "data_62339a89bd516bfbbc8576cfc6c62338.dat";
  VARIABLE:
  NAMES = broad_interest enjoyment instrumental_mot self_efficacy;
   MISSING=.;
   CLASSES = c1(6);

  ANALYSIS:
  TYPE = mixture;
  starts = 500 100;
  MODEL:
  %c1#1%
  broad_interest (vbroad_interest);
  enjoyment (venjoyment);
  instrumental_mot (vinstrumental_mot);
  self_efficacy (vself_efficacy);

  broad_interest WITH enjoyment (broad_interestWenjoyment1);
  broad_interest WITH instrumental_mot (broad_interestWinstrumental_mot1);
  broad_interest WITH self_efficacy (broad_interestWself_efficacy1);
  enjoyment WITH instrumental_mot (enjoymentWinstrumental_mot1);
  enjoyment WITH self_efficacy (enjoymentWself_efficacy1);
  instrumental_mot WITH self_efficacy (instrumental_motWself_efficacy1);

  %c1#2%
  broad_interest (vbroad_interest);
  enjoyment (venjoyment);
  instrumental_mot (vinstrumental_mot);
  self_efficacy (vself_efficacy);

  broad_interest WITH enjoyment (broad_interestWenjoyment2);
  broad_interest WITH instrumental_mot (broad_interestWinstrumental_mot2);
  broad_interest WITH self_efficacy (broad_interestWself_efficacy2);
  enjoyment WITH instrumental_mot (enjoymentWinstrumental_mot2);
  enjoyment WITH self_efficacy (enjoymentWself_efficacy2);
  instrumental_mot WITH self_efficacy (instrumental_motWself_efficacy2);

  %c1#3%
  broad_interest (vbroad_interest);
  enjoyment (venjoyment);
  instrumental_mot (vinstrumental_mot);
  self_efficacy (vself_efficacy);

  broad_interest WITH enjoyment (broad_interestWenjoyment3);
  broad_interest WITH instrumental_mot (broad_interestWinstrumental_mot3);
  broad_interest WITH self_efficacy (broad_interestWself_efficacy3);
  enjoyment WITH instrumental_mot (enjoymentWinstrumental_mot3);
  enjoyment WITH self_efficacy (enjoymentWself_efficacy3);
  instrumental_mot WITH self_efficacy (instrumental_motWself_efficacy3);

  %c1#4%
  broad_interest (vbroad_interest);
  enjoyment (venjoyment);
  instrumental_mot (vinstrumental_mot);
  self_efficacy (vself_efficacy);

  broad_interest WITH enjoyment (broad_interestWenjoyment4);
  broad_interest WITH instrumental_mot (broad_interestWinstrumental_mot4);
  broad_interest WITH self_efficacy (broad_interestWself_efficacy4);
  enjoyment WITH instrumental_mot (enjoymentWinstrumental_mot4);
  enjoyment WITH self_efficacy (enjoymentWself_efficacy4);
  instrumental_mot WITH self_efficacy (instrumental_motWself_efficacy4);

  %c1#5%
  broad_interest (vbroad_interest);
  enjoyment (venjoyment);
  instrumental_mot (vinstrumental_mot);
  self_efficacy (vself_efficacy);

  broad_interest WITH enjoyment (broad_interestWenjoyment5);
  broad_interest WITH instrumental_mot (broad_interestWinstrumental_mot5);
  broad_interest WITH self_efficacy (broad_interestWself_efficacy5);
  enjoyment WITH instrumental_mot (enjoymentWinstrumental_mot5);
  enjoyment WITH self_efficacy (enjoymentWself_efficacy5);
  instrumental_mot WITH self_efficacy (instrumental_motWself_efficacy5);

  %c1#6%
  broad_interest (vbroad_interest);
  enjoyment (venjoyment);
  instrumental_mot (vinstrumental_mot);
  self_efficacy (vself_efficacy);

  broad_interest WITH enjoyment (broad_interestWenjoyment6);
  broad_interest WITH instrumental_mot (broad_interestWinstrumental_mot6);
  broad_interest WITH self_efficacy (broad_interestWself_efficacy6);
  enjoyment WITH instrumental_mot (enjoymentWinstrumental_mot6);
  enjoyment WITH self_efficacy (enjoymentWself_efficacy6);
  instrumental_mot WITH self_efficacy (instrumental_motWself_efficacy6);


  OUTPUT:
  TECH14;
  sampstat residual tech11 tech14
  SAVEDATA:
  FILE IS model_5_class_6.dat;
  SAVE = cprobabilities;



*** WARNING in VARIABLE command
  Note that only the first 8 characters of variable names are used in the output.
  Shorten variable names to avoid any confusion.
*** WARNING in MODEL command
  All variables are uncorrelated with all other variables within class.
  Check that this is what is intended.
   2 WARNING(S) FOUND IN THE INPUT INSTRUCTIONS




model 5 with 6 classes

SUMMARY OF ANALYSIS

Number of groups                                                 1
Number of observations                                         488

Number of dependent variables                                    4
Number of independent variables                                  0
Number of continuous latent variables                            0
Number of categorical latent variables                           1

Observed dependent variables

  Continuous
   BROAD_INTE  ENJOYMENT   INSTRUMENT  SELF_EFFIC

Categorical latent variables
   C1


Estimator                                                      MLR
Information matrix                                        OBSERVED
Optimization Specifications for the Quasi-Newton Algorithm for
Continuous Outcomes
  Maximum number of iterations                                 100
  Convergence criterion                                  0.100D-05
Optimization Specifications for the EM Algorithm
  Maximum number of iterations                                 500
  Convergence criteria
    Loglikelihood change                                 0.100D-06
    Relative loglikelihood change                        0.100D-06
    Derivative                                           0.100D-05
Optimization Specifications for the M step of the EM Algorithm for
Categorical Latent variables
  Number of M step iterations                                    1
  M step convergence criterion                           0.100D-05
  Basis for M step termination                           ITERATION
Optimization Specifications for the M step of the EM Algorithm for
Censored, Binary or Ordered Categorical (Ordinal), Unordered
Categorical (Nominal) and Count Outcomes
  Number of M step iterations                                    1
  M step convergence criterion                           0.100D-05
  Basis for M step termination                           ITERATION
  Maximum value for logit thresholds                            15
  Minimum value for logit thresholds                           -15
  Minimum expected cell size for chi-square              0.100D-01
Maximum number of iterations for H1                           2000
Convergence criterion for H1                             0.100D-03
Optimization algorithm                                         EMA
Random Starts Specifications
  Number of initial stage random starts                        500
  Number of final stage optimizations                          100
  Number of initial stage iterations                            10
  Initial stage convergence criterion                    0.100D+01
  Random starts scale                                    0.500D+01
  Random seed for generating random starts                       0

Input data file(s)
  data_62339a89bd516bfbbc8576cfc6c62338.dat
Input data format  FREE


SUMMARY OF DATA

     Number of missing data patterns             8
     Number of y missing data patterns           8
     Number of u missing data patterns           0


COVARIANCE COVERAGE OF DATA

Minimum covariance coverage value   0.100


     PROPORTION OF DATA PRESENT FOR Y


           Covariance Coverage
              BROAD_IN      ENJOYMEN      INSTRUME      SELF_EFF
              ________      ________      ________      ________
 BROAD_IN       0.977
 ENJOYMEN       0.977         0.996
 INSTRUME       0.971         0.977         0.982
 SELF_EFF       0.969         0.975         0.973         0.977


SAMPLE STATISTICS


     ESTIMATED SAMPLE STATISTICS


           Means
              BROAD_IN      ENJOYMEN      INSTRUME      SELF_EFF
              ________      ________      ________      ________
                2.666         2.821         2.129         2.125


           Covariances
              BROAD_IN      ENJOYMEN      INSTRUME      SELF_EFF
              ________      ________      ________      ________
 BROAD_IN       0.595
 ENJOYMEN       0.272         0.514
 INSTRUME      -0.100        -0.171         0.560
 SELF_EFF      -0.099        -0.145         0.095         0.414


           Correlations
              BROAD_IN      ENJOYMEN      INSTRUME      SELF_EFF
              ________      ________      ________      ________
 BROAD_IN       1.000
 ENJOYMEN       0.492         1.000
 INSTRUME      -0.173        -0.319         1.000
 SELF_EFF      -0.199        -0.314         0.197         1.000


     MAXIMUM LOG-LIKELIHOOD VALUE FOR THE UNRESTRICTED (H1) MODEL IS -1968.348


UNIVARIATE SAMPLE STATISTICS


     UNIVARIATE HIGHER-ORDER MOMENT DESCRIPTIVE STATISTICS

         Variable/         Mean/     Skewness/   Minimum/ % with                Percentiles
        Sample Size      Variance    Kurtosis    Maximum  Min/Max      20%/60%    40%/80%    Median

     BROAD_INTEREST        2.666      -0.140       1.000    4.82%       2.000      2.600      2.800
             477.000       0.595      -0.053       5.000    0.21%       3.000      3.200
     ENJOYMENT             2.820      -0.454       1.000    3.70%       2.400      2.800      3.000
             486.000       0.514       0.248       4.000   10.49%       3.000      3.400
     INSTRUMENTAL_MO       2.129       0.455       1.000   14.82%       1.500      2.000      2.000
             479.000       0.561       0.120       4.000    4.38%       2.000      2.750
     SELF_EFFICACY         2.125       0.398       1.000    6.29%       1.625      2.000      2.000
             477.000       0.414       0.138       4.000    1.26%       2.250      2.625

RANDOM STARTS RESULTS RANKED FROM THE BEST TO THE WORST LOGLIKELIHOOD VALUES

357 perturbed starting value run(s) did not converge in the initial stage
optimizations.

Final stage loglikelihood values at local maxima, seeds, and initial stage start numbers:

           -1799.505  393232           152
           -1837.724  193042           316
           -1842.230  499150           216
           -1845.428  354624           448
           -1846.983  563002           360
           -1847.314  748692           204
           -1850.008  227563           63
           -1850.911  626891           32
           -1851.185  415931           10
           -1853.182  97158            205
           -1853.298  746978           410
           -1853.444  798821           423
           -1853.496  654136           167
           -1854.153  354208           196
           -1856.170  631413           439
           -1857.975  464179           106
           -1858.110  267983           228
           -1862.188  751153           110
           -1865.951  210870           383
           -1866.244  992389           77
           -1867.230  377504           294
           -1875.222  802256           477

Unperturbed starting value run did not converge or was rejected in the third stage.

77 perturbed starting value run(s) did not converge or were rejected in the third stage.



     WARNING:  THE BEST LOGLIKELIHOOD VALUE WAS NOT REPLICATED.  THE
     SOLUTION MAY NOT BE TRUSTWORTHY DUE TO LOCAL MAXIMA.  INCREASE THE
     NUMBER OF RANDOM STARTS.


THE MODEL ESTIMATION TERMINATED NORMALLY



MODEL FIT INFORMATION

Number of Free Parameters                       69

Loglikelihood

          H0 Value                       -1799.505
          H0 Scaling Correction Factor      1.0618
            for MLR

Information Criteria

          Akaike (AIC)                    3737.011
          Bayesian (BIC)                  4026.143
          Sample-Size Adjusted BIC        3807.139
            (n* = (n + 2) / 24)



FINAL CLASS COUNTS AND PROPORTIONS FOR THE LATENT CLASSES
BASED ON THE ESTIMATED MODEL

    Latent
   Classes

       1          8.51817          0.01746
       2         86.17488          0.17659
       3          6.03207          0.01236
       4         31.63312          0.06482
       5        122.72061          0.25148
       6        232.92116          0.47730


FINAL CLASS COUNTS AND PROPORTIONS FOR THE LATENT CLASSES
BASED ON ESTIMATED POSTERIOR PROBABILITIES

    Latent
   Classes

       1          8.51817          0.01746
       2         86.17488          0.17659
       3          6.03207          0.01236
       4         31.63312          0.06482
       5        122.72061          0.25148
       6        232.92116          0.47730


FINAL CLASS COUNTS AND PROPORTIONS FOR THE LATENT CLASSES
BASED ON THEIR MOST LIKELY LATENT CLASS MEMBERSHIP

Class Counts and Proportions

    Latent
   Classes

       1                9          0.01844
       2               84          0.17213
       3                6          0.01230
       4               31          0.06352
       5              126          0.25820
       6              232          0.47541


CLASSIFICATION QUALITY

     Entropy                         0.952


Average Latent Class Probabilities for Most Likely Latent Class Membership (Row)
by Latent Class (Column)

           1        2        3        4        5        6

    1   0.923    0.075    0.001    0.000    0.000    0.001
    2   0.001    0.989    0.001    0.000    0.000    0.010
    3   0.000    0.006    0.994    0.000    0.000    0.000
    4   0.000    0.000    0.000    0.998    0.002    0.000
    5   0.000    0.000    0.000    0.001    0.944    0.055
    6   0.001    0.010    0.000    0.002    0.016    0.971


Classification Probabilities for the Most Likely Latent Class Membership (Column)
by Latent Class (Row)

           1        2        3        4        5        6

    1   0.975    0.010    0.000    0.000    0.000    0.014
    2   0.008    0.964    0.000    0.000    0.000    0.028
    3   0.001    0.007    0.988    0.000    0.000    0.003
    4   0.000    0.000    0.000    0.978    0.004    0.018
    5   0.000    0.000    0.000    0.001    0.969    0.030
    6   0.000    0.003    0.000    0.000    0.030    0.967


Logits for the Classification Probabilities for the Most Likely Latent Class Membership (Column)
by Latent Class (Row)

              1        2        3        4        5        6

    1      4.214   -0.327   -9.576   -9.576   -9.576    0.000
    2     -1.273    3.545   -4.163  -10.234  -10.234    0.000
    3     -0.749    0.822    5.762   -8.042   -8.042    0.000
    4     -9.797   -9.797   -9.797    3.996   -1.421    0.000
    5    -10.310  -10.310  -10.310   -3.921    3.474    0.000
    6     -9.749   -5.640  -12.422  -13.782   -3.485    0.000


MODEL RESULTS

                                                    Two-Tailed
                    Estimate       S.E.  Est./S.E.    P-Value

Latent Class 1

 BROAD_IN WITH
    ENJOYMENT         -0.371      0.030    -12.369      0.000
    INSTRUMENT        -0.024      0.019     -1.271      0.204
    SELF_EFFIC        -0.125      0.057     -2.176      0.030

 ENJOYMEN WITH
    INSTRUMENT         0.079      0.013      5.972      0.000
    SELF_EFFIC        -0.141      0.061     -2.310      0.021

 INSTRUME WITH
    SELF_EFFIC        -0.094      0.010     -9.314      0.000

 Means
    BROAD_INTE         1.921      0.259      7.430      0.000
    ENJOYMENT          2.270      0.172     13.198      0.000
    INSTRUMENT         1.104      0.063     17.511      0.000
    SELF_EFFIC         1.934      0.213      9.069      0.000

 Variances
    BROAD_INTE         0.549      0.041     13.408      0.000
    ENJOYMENT          0.409      0.028     14.396      0.000
    INSTRUMENT         0.036      0.003     11.277      0.000
    SELF_EFFIC         0.383      0.025     15.206      0.000

Latent Class 2

 BROAD_IN WITH
    ENJOYMENT          0.214      0.046      4.598      0.000
    INSTRUMENT        -0.062      0.016     -3.783      0.000
    SELF_EFFIC        -0.095      0.051     -1.854      0.064

 ENJOYMEN WITH
    INSTRUMENT        -0.073      0.010     -7.169      0.000
    SELF_EFFIC        -0.065      0.051     -1.274      0.203

 INSTRUME WITH
    SELF_EFFIC         0.006      0.019      0.324      0.746

 Means
    BROAD_INTE         2.910      0.085     34.196      0.000
    ENJOYMENT          3.334      0.059     56.370      0.000
    INSTRUMENT         1.082      0.017     64.576      0.000
    SELF_EFFIC         1.844      0.068     27.241      0.000

 Variances
    BROAD_INTE         0.549      0.041     13.408      0.000
    ENJOYMENT          0.409      0.028     14.396      0.000
    INSTRUMENT         0.036      0.003     11.277      0.000
    SELF_EFFIC         0.383      0.025     15.206      0.000

Latent Class 3

 BROAD_IN WITH
    ENJOYMENT         -0.230      0.185     -1.246      0.213
    INSTRUMENT         0.125      0.011     11.288      0.000
    SELF_EFFIC        -0.280      0.085     -3.301      0.001

 ENJOYMEN WITH
    INSTRUMENT        -0.043      0.023     -1.841      0.066
    SELF_EFFIC         0.224      0.079      2.830      0.005

 INSTRUME WITH
    SELF_EFFIC        -0.056      0.036     -1.561      0.118

 Means
    BROAD_INTE         1.631      0.292      5.589      0.000
    ENJOYMENT          1.075      0.042     25.840      0.000
    INSTRUMENT         1.249      0.088     14.224      0.000
    SELF_EFFIC         2.483      0.223     11.154      0.000

 Variances
    BROAD_INTE         0.549      0.041     13.408      0.000
    ENJOYMENT          0.409      0.028     14.396      0.000
    INSTRUMENT         0.036      0.003     11.277      0.000
    SELF_EFFIC         0.383      0.025     15.206      0.000

Latent Class 4

 BROAD_IN WITH
    ENJOYMENT          0.258      0.067      3.857      0.000
    INSTRUMENT         0.025      0.016      1.563      0.118
    SELF_EFFIC        -0.191      0.045     -4.226      0.000

 ENJOYMEN WITH
    INSTRUMENT         0.004      0.011      0.347      0.729
    SELF_EFFIC        -0.192      0.044     -4.402      0.000

 INSTRUME WITH
    SELF_EFFIC        -0.005      0.017     -0.293      0.770

 Means
    BROAD_INTE         2.423      0.192     12.634      0.000
    ENJOYMENT          2.435      0.175     13.917      0.000
    INSTRUMENT         3.866      0.038    101.508      0.000
    SELF_EFFIC         2.301      0.139     16.566      0.000

 Variances
    BROAD_INTE         0.549      0.041     13.408      0.000
    ENJOYMENT          0.409      0.028     14.396      0.000
    INSTRUMENT         0.036      0.003     11.277      0.000
    SELF_EFFIC         0.383      0.025     15.206      0.000

Latent Class 5

 BROAD_IN WITH
    ENJOYMENT          0.217      0.058      3.745      0.000
    INSTRUMENT        -0.026      0.016     -1.616      0.106
    SELF_EFFIC        -0.025      0.046     -0.546      0.585

 ENJOYMEN WITH
    INSTRUMENT        -0.029      0.010     -2.967      0.003
    SELF_EFFIC        -0.043      0.039     -1.096      0.273

 INSTRUME WITH
    SELF_EFFIC         0.002      0.009      0.163      0.871

 Means
    BROAD_INTE         2.510      0.092     27.140      0.000
    ENJOYMENT          2.618      0.064     40.845      0.000
    INSTRUMENT         2.760      0.025    108.757      0.000
    SELF_EFFIC         2.278      0.063     36.448      0.000

 Variances
    BROAD_INTE         0.549      0.041     13.408      0.000
    ENJOYMENT          0.409      0.028     14.396      0.000
    INSTRUMENT         0.036      0.003     11.277      0.000
    SELF_EFFIC         0.383      0.025     15.206      0.000

Latent Class 6

 BROAD_IN WITH
    ENJOYMENT          0.201      0.051      3.924      0.000
    INSTRUMENT        -0.033      0.026     -1.280      0.200
    SELF_EFFIC        -0.043      0.045     -0.956      0.339

 ENJOYMEN WITH
    INSTRUMENT        -0.034      0.010     -3.233      0.001
    SELF_EFFIC        -0.118      0.028     -4.205      0.000

 INSTRUME WITH
    SELF_EFFIC         0.003      0.011      0.320      0.749

 Means
    BROAD_INTE         2.744      0.051     53.870      0.000
    ENJOYMENT          2.857      0.040     71.473      0.000
    INSTRUMENT         2.010      0.014    145.956      0.000
    SELF_EFFIC         2.121      0.041     51.783      0.000

 Variances
    BROAD_INTE         0.549      0.041     13.408      0.000
    ENJOYMENT          0.409      0.028     14.396      0.000
    INSTRUMENT         0.036      0.003     11.277      0.000
    SELF_EFFIC         0.383      0.025     15.206      0.000

Categorical Latent Variables

 Means
    C1#1              -3.308      0.369     -8.978      0.000
    C1#2              -0.994      0.131     -7.604      0.000
    C1#3              -3.654      0.417     -8.764      0.000
    C1#4              -1.996      0.192    -10.378      0.000
    C1#5              -0.641      0.120     -5.331      0.000


QUALITY OF NUMERICAL RESULTS

     Condition Number for the Information Matrix              0.344E-09
       (ratio of smallest to largest eigenvalue)


RESIDUAL OUTPUT


     ESTIMATED MODEL AND RESIDUALS (OBSERVED - ESTIMATED) FOR CLASS 1


           Model Estimated Means
              BROAD_IN      ENJOYMEN      INSTRUME      SELF_EFF
              ________      ________      ________      ________
                1.921         2.270         1.104         1.934


           Residuals for Means
              BROAD_IN      ENJOYMEN      INSTRUME      SELF_EFF
              ________      ________      ________      ________
                0.002         0.002        -0.001         0.001


           Model Estimated Covariances
              BROAD_IN      ENJOYMEN      INSTRUME      SELF_EFF
              ________      ________      ________      ________
 BROAD_IN       0.549
 ENJOYMEN      -0.371         0.409
 INSTRUME      -0.024         0.079         0.036
 SELF_EFF      -0.125        -0.141        -0.094         0.383


           Residuals for Covariances
              BROAD_IN      ENJOYMEN      INSTRUME      SELF_EFF
              ________      ________      ________      ________
 BROAD_IN      -0.066
 ENJOYMEN       0.114        -0.180
 INSTRUME       0.033        -0.045        -0.008
 SELF_EFF      -0.090         0.103         0.024        -0.055


     ESTIMATED MODEL AND RESIDUALS (OBSERVED - ESTIMATED) FOR CLASS 2


           Model Estimated Means
              BROAD_IN      ENJOYMEN      INSTRUME      SELF_EFF
              ________      ________      ________      ________
                2.910         3.334         1.082         1.844


           Residuals for Means
              BROAD_IN      ENJOYMEN      INSTRUME      SELF_EFF
              ________      ________      ________      ________
               -0.003        -0.002        -0.001         0.000


           Model Estimated Covariances
              BROAD_IN      ENJOYMEN      INSTRUME      SELF_EFF
              ________      ________      ________      ________
 BROAD_IN       0.549
 ENJOYMEN       0.214         0.409
 INSTRUME      -0.062        -0.073         0.036
 SELF_EFF      -0.095        -0.065         0.006         0.383


           Residuals for Covariances
              BROAD_IN      ENJOYMEN      INSTRUME      SELF_EFF
              ________      ________      ________      ________
 BROAD_IN       0.014
 ENJOYMEN      -0.063        -0.122
 INSTRUME       0.032         0.046        -0.014
 SELF_EFF       0.023         0.015        -0.004        -0.017


     ESTIMATED MODEL AND RESIDUALS (OBSERVED - ESTIMATED) FOR CLASS 3


           Model Estimated Means
              BROAD_IN      ENJOYMEN      INSTRUME      SELF_EFF
              ________      ________      ________      ________
                1.631         1.075         1.249         2.483


           Residuals for Means
              BROAD_IN      ENJOYMEN      INSTRUME      SELF_EFF
              ________      ________      ________      ________
                0.005        -0.001         0.000        -0.003


           Model Estimated Covariances
              BROAD_IN      ENJOYMEN      INSTRUME      SELF_EFF
              ________      ________      ________      ________
 BROAD_IN       0.549
 ENJOYMEN      -0.230         0.409
 INSTRUME       0.125        -0.043         0.036
 SELF_EFF      -0.280         0.224        -0.056         0.383


           Residuals for Covariances
              BROAD_IN      ENJOYMEN      INSTRUME      SELF_EFF
              ________      ________      ________      ________
 BROAD_IN      -0.081
 ENJOYMEN       0.213        -0.389
 INSTRUME       0.005         0.034         0.007
 SELF_EFF       0.095        -0.206         0.013        -0.084


     ESTIMATED MODEL AND RESIDUALS (OBSERVED - ESTIMATED) FOR CLASS 4


           Model Estimated Means
              BROAD_IN      ENJOYMEN      INSTRUME      SELF_EFF
              ________      ________      ________      ________
                2.423         2.435         3.866         2.301


           Residuals for Means
              BROAD_IN      ENJOYMEN      INSTRUME      SELF_EFF
              ________      ________      ________      ________
               -0.001         0.000         0.000         0.001


           Model Estimated Covariances
              BROAD_IN      ENJOYMEN      INSTRUME      SELF_EFF
              ________      ________      ________      ________
 BROAD_IN       0.549
 ENJOYMEN       0.258         0.409
 INSTRUME       0.025         0.004         0.036
 SELF_EFF      -0.191        -0.192        -0.005         0.383


           Residuals for Covariances
              BROAD_IN      ENJOYMEN      INSTRUME      SELF_EFF
              ________      ________      ________      ________
 BROAD_IN       0.586
 ENJOYMEN       0.478         0.541
 INSTRUME       0.030        -0.005         0.006
 SELF_EFF      -0.302        -0.317        -0.009         0.218


     ESTIMATED MODEL AND RESIDUALS (OBSERVED - ESTIMATED) FOR CLASS 5


           Model Estimated Means
              BROAD_IN      ENJOYMEN      INSTRUME      SELF_EFF
              ________      ________      ________      ________
                2.510         2.618         2.760         2.278


           Residuals for Means
              BROAD_IN      ENJOYMEN      INSTRUME      SELF_EFF
              ________      ________      ________      ________
                0.006         0.000         0.000         0.000


           Model Estimated Covariances
              BROAD_IN      ENJOYMEN      INSTRUME      SELF_EFF
              ________      ________      ________      ________
 BROAD_IN       0.549
 ENJOYMEN       0.217         0.409
 INSTRUME      -0.026        -0.029         0.036
 SELF_EFF      -0.025        -0.043         0.002         0.383


           Residuals for Covariances
              BROAD_IN      ENJOYMEN      INSTRUME      SELF_EFF
              ________      ________      ________      ________
 BROAD_IN       0.019
 ENJOYMEN       0.062         0.059
 INSTRUME      -0.005        -0.025         0.016
 SELF_EFF      -0.020        -0.013         0.001         0.037


     ESTIMATED MODEL AND RESIDUALS (OBSERVED - ESTIMATED) FOR CLASS 6


           Model Estimated Means
              BROAD_IN      ENJOYMEN      INSTRUME      SELF_EFF
              ________      ________      ________      ________
                2.744         2.857         2.010         2.121


           Residuals for Means
              BROAD_IN      ENJOYMEN      INSTRUME      SELF_EFF
              ________      ________      ________      ________
                0.001        -0.001         0.000        -0.002


           Model Estimated Covariances
              BROAD_IN      ENJOYMEN      INSTRUME      SELF_EFF
              ________      ________      ________      ________
 BROAD_IN       0.549
 ENJOYMEN       0.201         0.409
 INSTRUME      -0.033        -0.034         0.036
 SELF_EFF      -0.043        -0.118         0.003         0.383


           Residuals for Covariances
              BROAD_IN      ENJOYMEN      INSTRUME      SELF_EFF
              ________      ________      ________      ________
 BROAD_IN      -0.090
 ENJOYMEN      -0.043        -0.052
 INSTRUME       0.018         0.011        -0.006
 SELF_EFF       0.042         0.043         0.000        -0.025


TECHNICAL 11 OUTPUT

     Random Starts Specifications for the k-1 Class Analysis Model
        Number of initial stage random starts                 500
        Number of final stage optimizations                   100



     VUONG-LO-MENDELL-RUBIN LIKELIHOOD RATIO TEST FOR 5 (H0) VERSUS 6 CLASSES

          H0 Loglikelihood Value                        -1801.536
          2 Times the Loglikelihood Difference              4.062
          Difference in the Number of Parameters               11
          Mean                                             17.350
          Standard Deviation                               15.851
          P-Value                                          0.8318

     LO-MENDELL-RUBIN ADJUSTED LRT TEST

          Value                                             4.003
          P-Value                                          0.8332


TECHNICAL 14 OUTPUT

     Random Starts Specifications for the k-1 Class Analysis Model
        Number of initial stage random starts                 500
        Number of final stage optimizations                   100

     Random Starts Specification for the k-1 Class Model for Generated Data
        Number of initial stage random starts                   0
        Number of final stage optimizations for the
           initial stage random starts                          0
     Random Starts Specification for the k Class Model for Generated Data
        Number of initial stage random starts                  40
        Number of final stage optimizations                     8
     Number of bootstrap draws requested                   Varies


     PARAMETRIC BOOTSTRAPPED LIKELIHOOD RATIO TEST FOR 5 (H0) VERSUS 6 CLASSES

          H0 Loglikelihood Value                        -1801.536
          2 Times the Loglikelihood Difference              4.062
          Difference in the Number of Parameters               11
          Approximate P-Value                              1.0000
          Successful Bootstrap Draws                            2


SAVEDATA INFORMATION


  Save file
    model_5_class_6.dat

  Order and format of variables

    BROAD_IN       F10.3
    ENJOYMEN       F10.3
    INSTRUME       F10.3
    SELF_EFF       F10.3
    CPROB1         F10.3
    CPROB2         F10.3
    CPROB3         F10.3
    CPROB4         F10.3
    CPROB5         F10.3
    CPROB6         F10.3
    C1             F10.3

  Save file format
    11F10.3

  Save file record length    10000

  Save missing symbol        *


     Beginning Time:  10:11:57
        Ending Time:  10:12:44
       Elapsed Time:  00:00:47



MUTHEN & MUTHEN
3463 Stoner Ave.
Los Angeles, CA  90066

Tel: (310) 391-9971
Fax: (310) 391-8971
Web: www.StatModel.com
Support: Support@StatModel.com

Copyright (c) 1998-2024 Muthen & Muthen
