Mplus VERSION 8.11
MUTHEN & MUTHEN
11/12/2024   1:34 PM

INPUT INSTRUCTIONS

  TITLE:
  model 3 with 5 classes
  DATA:
  FILE = "data_62339a89bd516bfbbc8576cfc6c62338.dat";
  VARIABLE:
  NAMES = broad_interest enjoyment instrumental_mot self_efficacy;
   MISSING=.;
   CLASSES = c1(5);

  ANALYSIS:
  TYPE = mixture;
  starts = 1000 100;
  MODEL:
  %c1#1%
  broad_interest (vbroad_interest);
  enjoyment (venjoyment);
  instrumental_mot (vinstrumental_mot);
  self_efficacy (vself_efficacy);

  broad_interest WITH enjoyment (broad_interestWenjoyment);
  broad_interest WITH instrumental_mot (broad_interestWinstrumental_mot);
  broad_interest WITH self_efficacy (broad_interestWself_efficacy);
  enjoyment WITH instrumental_mot (enjoymentWinstrumental_mot);
  enjoyment WITH self_efficacy (enjoymentWself_efficacy);
  instrumental_mot WITH self_efficacy (instrumental_motWself_efficacy);

  %c1#2%
  broad_interest (vbroad_interest);
  enjoyment (venjoyment);
  instrumental_mot (vinstrumental_mot);
  self_efficacy (vself_efficacy);

  broad_interest WITH enjoyment (broad_interestWenjoyment);
  broad_interest WITH instrumental_mot (broad_interestWinstrumental_mot);
  broad_interest WITH self_efficacy (broad_interestWself_efficacy);
  enjoyment WITH instrumental_mot (enjoymentWinstrumental_mot);
  enjoyment WITH self_efficacy (enjoymentWself_efficacy);
  instrumental_mot WITH self_efficacy (instrumental_motWself_efficacy);

  %c1#3%
  broad_interest (vbroad_interest);
  enjoyment (venjoyment);
  instrumental_mot (vinstrumental_mot);
  self_efficacy (vself_efficacy);

  broad_interest WITH enjoyment (broad_interestWenjoyment);
  broad_interest WITH instrumental_mot (broad_interestWinstrumental_mot);
  broad_interest WITH self_efficacy (broad_interestWself_efficacy);
  enjoyment WITH instrumental_mot (enjoymentWinstrumental_mot);
  enjoyment WITH self_efficacy (enjoymentWself_efficacy);
  instrumental_mot WITH self_efficacy (instrumental_motWself_efficacy);

  %c1#4%
  broad_interest (vbroad_interest);
  enjoyment (venjoyment);
  instrumental_mot (vinstrumental_mot);
  self_efficacy (vself_efficacy);

  broad_interest WITH enjoyment (broad_interestWenjoyment);
  broad_interest WITH instrumental_mot (broad_interestWinstrumental_mot);
  broad_interest WITH self_efficacy (broad_interestWself_efficacy);
  enjoyment WITH instrumental_mot (enjoymentWinstrumental_mot);
  enjoyment WITH self_efficacy (enjoymentWself_efficacy);
  instrumental_mot WITH self_efficacy (instrumental_motWself_efficacy);

  %c1#5%
  broad_interest (vbroad_interest);
  enjoyment (venjoyment);
  instrumental_mot (vinstrumental_mot);
  self_efficacy (vself_efficacy);

  broad_interest WITH enjoyment (broad_interestWenjoyment);
  broad_interest WITH instrumental_mot (broad_interestWinstrumental_mot);
  broad_interest WITH self_efficacy (broad_interestWself_efficacy);
  enjoyment WITH instrumental_mot (enjoymentWinstrumental_mot);
  enjoyment WITH self_efficacy (enjoymentWself_efficacy);
  instrumental_mot WITH self_efficacy (instrumental_motWself_efficacy);


  OUTPUT:
  TECH14;
  sampstat residual tech11 tech14
  SAVEDATA:
  FILE IS model_3_class_5.dat;
  SAVE = cprobabilities;



*** WARNING in VARIABLE command
  Note that only the first 8 characters of variable names are used in the output.
  Shorten variable names to avoid any confusion.
*** WARNING in MODEL command
  All variables are uncorrelated with all other variables within class.
  Check that this is what is intended.
   2 WARNING(S) FOUND IN THE INPUT INSTRUCTIONS




model 3 with 5 classes

SUMMARY OF ANALYSIS

Number of groups                                                 1
Number of observations                                         488

Number of dependent variables                                    4
Number of independent variables                                  0
Number of continuous latent variables                            0
Number of categorical latent variables                           1

Observed dependent variables

  Continuous
   BROAD_INTE  ENJOYMENT   INSTRUMENT  SELF_EFFIC

Categorical latent variables
   C1


Estimator                                                      MLR
Information matrix                                        OBSERVED
Optimization Specifications for the Quasi-Newton Algorithm for
Continuous Outcomes
  Maximum number of iterations                                 100
  Convergence criterion                                  0.100D-05
Optimization Specifications for the EM Algorithm
  Maximum number of iterations                                 500
  Convergence criteria
    Loglikelihood change                                 0.100D-06
    Relative loglikelihood change                        0.100D-06
    Derivative                                           0.100D-05
Optimization Specifications for the M step of the EM Algorithm for
Categorical Latent variables
  Number of M step iterations                                    1
  M step convergence criterion                           0.100D-05
  Basis for M step termination                           ITERATION
Optimization Specifications for the M step of the EM Algorithm for
Censored, Binary or Ordered Categorical (Ordinal), Unordered
Categorical (Nominal) and Count Outcomes
  Number of M step iterations                                    1
  M step convergence criterion                           0.100D-05
  Basis for M step termination                           ITERATION
  Maximum value for logit thresholds                            15
  Minimum value for logit thresholds                           -15
  Minimum expected cell size for chi-square              0.100D-01
Maximum number of iterations for H1                           2000
Convergence criterion for H1                             0.100D-03
Optimization algorithm                                         EMA
Random Starts Specifications
  Number of initial stage random starts                       1000
  Number of final stage optimizations                          100
  Number of initial stage iterations                            10
  Initial stage convergence criterion                    0.100D+01
  Random starts scale                                    0.500D+01
  Random seed for generating random starts                       0

Input data file(s)
  data_62339a89bd516bfbbc8576cfc6c62338.dat
Input data format  FREE


SUMMARY OF DATA

     Number of missing data patterns             8
     Number of y missing data patterns           8
     Number of u missing data patterns           0


COVARIANCE COVERAGE OF DATA

Minimum covariance coverage value   0.100


     PROPORTION OF DATA PRESENT FOR Y


           Covariance Coverage
              BROAD_IN      ENJOYMEN      INSTRUME      SELF_EFF
              ________      ________      ________      ________
 BROAD_IN       0.977
 ENJOYMEN       0.977         0.996
 INSTRUME       0.971         0.977         0.982
 SELF_EFF       0.969         0.975         0.973         0.977


SAMPLE STATISTICS


     ESTIMATED SAMPLE STATISTICS


           Means
              BROAD_IN      ENJOYMEN      INSTRUME      SELF_EFF
              ________      ________      ________      ________
                2.666         2.821         2.129         2.125


           Covariances
              BROAD_IN      ENJOYMEN      INSTRUME      SELF_EFF
              ________      ________      ________      ________
 BROAD_IN       0.595
 ENJOYMEN       0.272         0.514
 INSTRUME      -0.100        -0.171         0.560
 SELF_EFF      -0.099        -0.145         0.095         0.414


           Correlations
              BROAD_IN      ENJOYMEN      INSTRUME      SELF_EFF
              ________      ________      ________      ________
 BROAD_IN       1.000
 ENJOYMEN       0.492         1.000
 INSTRUME      -0.173        -0.319         1.000
 SELF_EFF      -0.199        -0.314         0.197         1.000


     MAXIMUM LOG-LIKELIHOOD VALUE FOR THE UNRESTRICTED (H1) MODEL IS -1968.348


UNIVARIATE SAMPLE STATISTICS


     UNIVARIATE HIGHER-ORDER MOMENT DESCRIPTIVE STATISTICS

         Variable/         Mean/     Skewness/   Minimum/ % with                Percentiles
        Sample Size      Variance    Kurtosis    Maximum  Min/Max      20%/60%    40%/80%    Median

     BROAD_INTEREST        2.666      -0.140       1.000    4.82%       2.000      2.600      2.800
             477.000       0.595      -0.053       5.000    0.21%       3.000      3.200
     ENJOYMENT             2.820      -0.454       1.000    3.70%       2.400      2.800      3.000
             486.000       0.514       0.248       4.000   10.49%       3.000      3.400
     INSTRUMENTAL_MO       2.129       0.455       1.000   14.82%       1.500      2.000      2.000
             479.000       0.561       0.120       4.000    4.38%       2.000      2.750
     SELF_EFFICACY         2.125       0.398       1.000    6.29%       1.625      2.000      2.000
             477.000       0.414       0.138       4.000    1.26%       2.250      2.625

RANDOM STARTS RESULTS RANKED FROM THE BEST TO THE WORST LOGLIKELIHOOD VALUES

Final stage loglikelihood values at local maxima, seeds, and initial stage start numbers:

           -1862.673  670281           721
           -1898.814  109357           765
           -1899.959  341519           653
           -1899.959  227563           63
           -1899.959  787985           482
           -1899.959  992389           77
           -1899.959  177936           726
           -1899.959  930872           277
           -1902.316  130541           896
           -1902.316  392418           28
           -1902.316  597614           284
           -1902.316  251641           784
           -1902.316  193847           354
           -1902.316  150531           154
           -1902.316  891347           504
           -1902.316  281462           285
           -1902.316  436460           89
           -1902.316  370957           554
           -1902.316  120506           45
           -1902.316  81951            907
           -1902.316  153394           429
           -1902.316  695155           150
           -1902.316  565819           65
           -1902.316  548245           818
           -1902.316  391949           295
           -1902.316  107446           12
           -1902.316  800454           751
           -1902.316  760878           249
           -1902.316  798839           312
           -1905.342  36714            201
           -1905.342  484501           163
           -1905.342  131063           843
           -1905.342  793035           187
           -1905.342  440841           118
           -1905.342  76337            76
           -1907.222  252346           528
           -1907.222  407108           366
           -1907.222  50887            389
           -1907.222  105656           909
           -1907.222  464179           106
           -1907.222  823392           479
           -1908.627  915107           54
           -1908.627  631413           439
           -1908.627  372176           23
           -1908.627  741888           138
           -1908.947  193569           440
           -1910.058  714997           399
           -1910.058  573096           20
           -1910.058  80438            246
           -1910.058  512836           289
           -1910.058  404426           344
           -1910.058  213189           605
           -1910.165  467561           819
           -1910.165  965994           396
           -1913.051  132336           362
           -1913.051  891531           206
           -1913.182  702492           718
           -1913.467  690596           858
           -1914.401  712531           631

41 perturbed starting value run(s) did not converge or were rejected in the third stage.



     WARNING:  THE BEST LOGLIKELIHOOD VALUE WAS NOT REPLICATED.  THE
     SOLUTION MAY NOT BE TRUSTWORTHY DUE TO LOCAL MAXIMA.  INCREASE THE
     NUMBER OF RANDOM STARTS.


THE MODEL ESTIMATION TERMINATED NORMALLY



MODEL FIT INFORMATION

Number of Free Parameters                       34

Loglikelihood

          H0 Value                       -1862.673
          H0 Scaling Correction Factor      1.1051
            for MLR

Information Criteria

          Akaike (AIC)                    3793.346
          Bayesian (BIC)                  3935.817
          Sample-Size Adjusted BIC        3827.902
            (n* = (n + 2) / 24)



FINAL CLASS COUNTS AND PROPORTIONS FOR THE LATENT CLASSES
BASED ON THE ESTIMATED MODEL

    Latent
   Classes

       1        281.51153          0.57687
       2         81.26115          0.16652
       3         28.21625          0.05782
       4          7.49912          0.01537
       5         89.51196          0.18343


FINAL CLASS COUNTS AND PROPORTIONS FOR THE LATENT CLASSES
BASED ON ESTIMATED POSTERIOR PROBABILITIES

    Latent
   Classes

       1        281.51153          0.57687
       2         81.26115          0.16652
       3         28.21625          0.05782
       4          7.49912          0.01537
       5         89.51196          0.18343


FINAL CLASS COUNTS AND PROPORTIONS FOR THE LATENT CLASSES
BASED ON THEIR MOST LIKELY LATENT CLASS MEMBERSHIP

Class Counts and Proportions

    Latent
   Classes

       1              278          0.56967
       2               80          0.16393
       3               27          0.05533
       4                8          0.01639
       5               95          0.19467


CLASSIFICATION QUALITY

     Entropy                         0.919


Average Latent Class Probabilities for Most Likely Latent Class Membership (Row)
by Latent Class (Column)

           1        2        3        4        5

    1   0.961    0.015    0.000    0.000    0.023
    2   0.043    0.952    0.000    0.004    0.000
    3   0.000    0.000    0.977    0.000    0.023
    4   0.013    0.106    0.000    0.880    0.000
    5   0.113    0.000    0.019    0.000    0.868


Classification Probabilities for the Most Likely Latent Class Membership (Column)
by Latent Class (Row)

           1        2        3        4        5

    1   0.949    0.012    0.000    0.000    0.038
    2   0.052    0.938    0.000    0.010    0.000
    3   0.001    0.000    0.935    0.000    0.064
    4   0.017    0.044    0.000    0.939    0.000
    5   0.072    0.000    0.007    0.000    0.921


Logits for the Classification Probabilities for the Most Likely Latent Class Membership (Column)
by Latent Class (Row)

              1        2        3        4        5

    1      3.214   -1.127  -10.549   -4.608    0.000
    2     10.858   13.751    0.000    9.256    0.000
    3     -3.967  -11.064    2.684  -11.064    0.000
    4      9.721   10.699    0.000   13.753    0.000
    5     -2.551  -13.733   -4.891  -13.733    0.000


MODEL RESULTS

                                                    Two-Tailed
                    Estimate       S.E.  Est./S.E.    P-Value

Latent Class 1

 BROAD_IN WITH
    ENJOYMENT          0.042      0.016      2.571      0.010
    INSTRUMENT        -0.040      0.024     -1.666      0.096
    SELF_EFFIC        -0.039      0.024     -1.612      0.107

 ENJOYMEN WITH
    INSTRUMENT        -0.016      0.016     -1.021      0.307
    SELF_EFFIC        -0.031      0.013     -2.361      0.018

 INSTRUME WITH
    SELF_EFFIC         0.073      0.020      3.686      0.000

 Means
    BROAD_INTE         2.757      0.049     56.205      0.000
    ENJOYMENT          2.903      0.027    106.050      0.000
    INSTRUMENT         2.111      0.044     48.005      0.000
    SELF_EFFIC         2.133      0.039     54.016      0.000

 Variances
    BROAD_INTE         0.470      0.041     11.544      0.000
    ENJOYMENT          0.053      0.005     10.301      0.000
    INSTRUMENT         0.444      0.032     13.854      0.000
    SELF_EFFIC         0.379      0.026     14.402      0.000

Latent Class 2

 BROAD_IN WITH
    ENJOYMENT          0.042      0.016      2.571      0.010
    INSTRUMENT        -0.040      0.024     -1.666      0.096
    SELF_EFFIC        -0.039      0.024     -1.612      0.107

 ENJOYMEN WITH
    INSTRUMENT        -0.016      0.016     -1.021      0.307
    SELF_EFFIC        -0.031      0.013     -2.361      0.018

 INSTRUME WITH
    SELF_EFFIC         0.073      0.020      3.686      0.000

 Means
    BROAD_INTE         3.066      0.081     38.065      0.000
    ENJOYMENT          3.847      0.029    133.809      0.000
    INSTRUMENT         1.584      0.069     22.822      0.000
    SELF_EFFIC         1.852      0.080     23.205      0.000

 Variances
    BROAD_INTE         0.470      0.041     11.544      0.000
    ENJOYMENT          0.053      0.005     10.301      0.000
    INSTRUMENT         0.444      0.032     13.854      0.000
    SELF_EFFIC         0.379      0.026     14.402      0.000

Latent Class 3

 BROAD_IN WITH
    ENJOYMENT          0.042      0.016      2.571      0.010
    INSTRUMENT        -0.040      0.024     -1.666      0.096
    SELF_EFFIC        -0.039      0.024     -1.612      0.107

 ENJOYMEN WITH
    INSTRUMENT        -0.016      0.016     -1.021      0.307
    SELF_EFFIC        -0.031      0.013     -2.361      0.018

 INSTRUME WITH
    SELF_EFFIC         0.073      0.020      3.686      0.000

 Means
    BROAD_INTE         1.898      0.208      9.144      0.000
    ENJOYMENT          1.127      0.048     23.611      0.000
    INSTRUMENT         2.656      0.219     12.152      0.000
    SELF_EFFIC         2.401      0.144     16.637      0.000

 Variances
    BROAD_INTE         0.470      0.041     11.544      0.000
    ENJOYMENT          0.053      0.005     10.301      0.000
    INSTRUMENT         0.444      0.032     13.854      0.000
    SELF_EFFIC         0.379      0.026     14.402      0.000

Latent Class 4

 BROAD_IN WITH
    ENJOYMENT          0.042      0.016      2.571      0.010
    INSTRUMENT        -0.040      0.024     -1.666      0.096
    SELF_EFFIC        -0.039      0.024     -1.612      0.107

 ENJOYMEN WITH
    INSTRUMENT        -0.016      0.016     -1.021      0.307
    SELF_EFFIC        -0.031      0.013     -2.361      0.018

 INSTRUME WITH
    SELF_EFFIC         0.073      0.020      3.686      0.000

 Means
    BROAD_INTE         3.638      0.218     16.662      0.000
    ENJOYMENT          3.845      0.091     42.075      0.000
    INSTRUMENT         3.701      0.185     19.996      0.000
    SELF_EFFIC         1.306      0.123     10.580      0.000

 Variances
    BROAD_INTE         0.470      0.041     11.544      0.000
    ENJOYMENT          0.053      0.005     10.301      0.000
    INSTRUMENT         0.444      0.032     13.854      0.000
    SELF_EFFIC         0.379      0.026     14.402      0.000

Latent Class 5

 BROAD_IN WITH
    ENJOYMENT          0.042      0.016      2.571      0.010
    INSTRUMENT        -0.040      0.024     -1.666      0.096
    SELF_EFFIC        -0.039      0.024     -1.612      0.107

 ENJOYMEN WITH
    INSTRUMENT        -0.016      0.016     -1.021      0.307
    SELF_EFFIC        -0.031      0.013     -2.361      0.018

 INSTRUME WITH
    SELF_EFFIC         0.073      0.020      3.686      0.000

 Means
    BROAD_INTE         2.170      0.080     27.072      0.000
    ENJOYMENT          2.082      0.068     30.589      0.000
    INSTRUMENT         2.383      0.076     31.189      0.000
    SELF_EFFIC         2.327      0.079     29.593      0.000

 Variances
    BROAD_INTE         0.470      0.041     11.544      0.000
    ENJOYMENT          0.053      0.005     10.301      0.000
    INSTRUMENT         0.444      0.032     13.854      0.000
    SELF_EFFIC         0.379      0.026     14.402      0.000

Categorical Latent Variables

 Means
    C1#1               1.146      0.203      5.636      0.000
    C1#2              -0.097      0.208     -0.465      0.642
    C1#3              -1.154      0.245     -4.706      0.000
    C1#4              -2.480      0.440     -5.636      0.000


QUALITY OF NUMERICAL RESULTS

     Condition Number for the Information Matrix              0.380E-04
       (ratio of smallest to largest eigenvalue)


RESIDUAL OUTPUT


     ESTIMATED MODEL AND RESIDUALS (OBSERVED - ESTIMATED) FOR CLASS 1


           Model Estimated Means
              BROAD_IN      ENJOYMEN      INSTRUME      SELF_EFF
              ________      ________      ________      ________
                2.757         2.903         2.111         2.133


           Residuals for Means
              BROAD_IN      ENJOYMEN      INSTRUME      SELF_EFF
              ________      ________      ________      ________
                0.000         0.000        -0.001         0.000


           Model Estimated Covariances
              BROAD_IN      ENJOYMEN      INSTRUME      SELF_EFF
              ________      ________      ________      ________
 BROAD_IN       0.470
 ENJOYMEN       0.042         0.053
 INSTRUME      -0.040        -0.016         0.444
 SELF_EFF      -0.039        -0.031         0.073         0.379


           Residuals for Covariances
              BROAD_IN      ENJOYMEN      INSTRUME      SELF_EFF
              ________      ________      ________      ________
 BROAD_IN      -0.043
 ENJOYMEN       0.006         0.000
 INSTRUME       0.039        -0.003        -0.021
 SELF_EFF       0.004         0.005         0.000        -0.023


     ESTIMATED MODEL AND RESIDUALS (OBSERVED - ESTIMATED) FOR CLASS 2


           Model Estimated Means
              BROAD_IN      ENJOYMEN      INSTRUME      SELF_EFF
              ________      ________      ________      ________
                3.066         3.847         1.584         1.852


           Residuals for Means
              BROAD_IN      ENJOYMEN      INSTRUME      SELF_EFF
              ________      ________      ________      ________
                0.001         0.000        -0.001         0.002


           Model Estimated Covariances
              BROAD_IN      ENJOYMEN      INSTRUME      SELF_EFF
              ________      ________      ________      ________
 BROAD_IN       0.470
 ENJOYMEN       0.042         0.053
 INSTRUME      -0.040        -0.016         0.444
 SELF_EFF      -0.039        -0.031         0.073         0.379


           Residuals for Covariances
              BROAD_IN      ENJOYMEN      INSTRUME      SELF_EFF
              ________      ________      ________      ________
 BROAD_IN      -0.005
 ENJOYMEN       0.003        -0.009
 INSTRUME       0.021         0.032        -0.102
 SELF_EFF       0.008         0.001        -0.009         0.013


     ESTIMATED MODEL AND RESIDUALS (OBSERVED - ESTIMATED) FOR CLASS 3


           Model Estimated Means
              BROAD_IN      ENJOYMEN      INSTRUME      SELF_EFF
              ________      ________      ________      ________
                1.898         1.127         2.656         2.401


           Residuals for Means
              BROAD_IN      ENJOYMEN      INSTRUME      SELF_EFF
              ________      ________      ________      ________
               -0.001         0.000         0.000         0.001


           Model Estimated Covariances
              BROAD_IN      ENJOYMEN      INSTRUME      SELF_EFF
              ________      ________      ________      ________
 BROAD_IN       0.470
 ENJOYMEN       0.042         0.053
 INSTRUME      -0.040        -0.016         0.444
 SELF_EFF      -0.039        -0.031         0.073         0.379


           Residuals for Covariances
              BROAD_IN      ENJOYMEN      INSTRUME      SELF_EFF
              ________      ________      ________      ________
 BROAD_IN       0.469
 ENJOYMEN       0.028        -0.014
 INSTRUME      -0.008         0.017         0.572
 SELF_EFF      -0.056         0.030         0.046         0.172


     ESTIMATED MODEL AND RESIDUALS (OBSERVED - ESTIMATED) FOR CLASS 4


           Model Estimated Means
              BROAD_IN      ENJOYMEN      INSTRUME      SELF_EFF
              ________      ________      ________      ________
                3.638         3.845         3.701         1.306


           Residuals for Means
              BROAD_IN      ENJOYMEN      INSTRUME      SELF_EFF
              ________      ________      ________      ________
                0.001         0.000        -0.001        -0.001


           Model Estimated Covariances
              BROAD_IN      ENJOYMEN      INSTRUME      SELF_EFF
              ________      ________      ________      ________
 BROAD_IN       0.470
 ENJOYMEN       0.042         0.053
 INSTRUME      -0.040        -0.016         0.444
 SELF_EFF      -0.039        -0.031         0.073         0.379


           Residuals for Covariances
              BROAD_IN      ENJOYMEN      INSTRUME      SELF_EFF
              ________      ________      ________      ________
 BROAD_IN      -0.149
 ENJOYMEN       0.009        -0.001
 INSTRUME       0.107         0.006        -0.200
 SELF_EFF       0.026        -0.011        -0.028        -0.269


     ESTIMATED MODEL AND RESIDUALS (OBSERVED - ESTIMATED) FOR CLASS 5


           Model Estimated Means
              BROAD_IN      ENJOYMEN      INSTRUME      SELF_EFF
              ________      ________      ________      ________
                2.170         2.082         2.383         2.327


           Residuals for Means
              BROAD_IN      ENJOYMEN      INSTRUME      SELF_EFF
              ________      ________      ________      ________
                0.000         0.000         0.001         0.001


           Model Estimated Covariances
              BROAD_IN      ENJOYMEN      INSTRUME      SELF_EFF
              ________      ________      ________      ________
 BROAD_IN       0.470
 ENJOYMEN       0.042         0.053
 INSTRUME      -0.040        -0.016         0.444
 SELF_EFF      -0.039        -0.031         0.073         0.379


           Residuals for Covariances
              BROAD_IN      ENJOYMEN      INSTRUME      SELF_EFF
              ________      ________      ________      ________
 BROAD_IN      -0.001
 ENJOYMEN      -0.024         0.012
 INSTRUME      -0.065        -0.005        -0.009
 SELF_EFF       0.066         0.007         0.046         0.027


TECHNICAL 11 OUTPUT

     Random Starts Specifications for the k-1 Class Analysis Model
        Number of initial stage random starts                1000
        Number of final stage optimizations                   100



     VUONG-LO-MENDELL-RUBIN LIKELIHOOD RATIO TEST FOR 4 (H0) VERSUS 5 CLASSES

          H0 Loglikelihood Value                        -1880.101
          2 Times the Loglikelihood Difference             34.855
          Difference in the Number of Parameters                5
          Mean                                            -11.175
          Standard Deviation                               21.392
          P-Value                                          0.0003

     LO-MENDELL-RUBIN ADJUSTED LRT TEST

          Value                                            33.764
          P-Value                                          0.0004


TECHNICAL 14 OUTPUT

     Random Starts Specifications for the k-1 Class Analysis Model
        Number of initial stage random starts                1000
        Number of final stage optimizations                   100

     Random Starts Specification for the k-1 Class Model for Generated Data
        Number of initial stage random starts                   0
        Number of final stage optimizations for the
           initial stage random starts                          0
     Random Starts Specification for the k Class Model for Generated Data
        Number of initial stage random starts                  40
        Number of final stage optimizations                     8
     Number of bootstrap draws requested                   Varies


     PARAMETRIC BOOTSTRAPPED LIKELIHOOD RATIO TEST FOR 4 (H0) VERSUS 5 CLASSES

          H0 Loglikelihood Value                        -1880.101
          2 Times the Loglikelihood Difference             34.855
          Difference in the Number of Parameters                5
          Approximate P-Value                              0.0000
          Successful Bootstrap Draws                           10


SAVEDATA INFORMATION


  Save file
    model_3_class_5.dat

  Order and format of variables

    BROAD_IN       F10.3
    ENJOYMEN       F10.3
    INSTRUME       F10.3
    SELF_EFF       F10.3
    CPROB1         F10.3
    CPROB2         F10.3
    CPROB3         F10.3
    CPROB4         F10.3
    CPROB5         F10.3
    C1             F10.3

  Save file format
    10F10.3

  Save file record length    10000

  Save missing symbol        *


DIAGRAM INFORMATION

  Mplus diagrams are currently not available for Mixture analysis.
  No diagram output was produced.


     Beginning Time:  13:34:00
        Ending Time:  13:34:33
       Elapsed Time:  00:00:33



MUTHEN & MUTHEN
3463 Stoner Ave.
Los Angeles, CA  90066

Tel: (310) 391-9971
Fax: (310) 391-8971
Web: www.StatModel.com
Support: Support@StatModel.com

Copyright (c) 1998-2024 Muthen & Muthen
